app/build/intermediates/manifest_merge_blame_file/debug/processDebugMainManifest/manifest-merger-blame-debug-report.txt
1<?xml version="1.0" encoding="utf-8"?>
2<manifest xmlns:android="http://schemas.android.com/apk/res/android"
3    package="com.example.fitnessapp"
4    android:versionCode="1"
5    android:versionName="1.0" >
6
7    <uses-sdk
8        android:minSdkVersion="24"
9        android:targetSdkVersion="34" />
10
11    <uses-permission android:name="android.permission.POST_NOTIFICATIONS" />
11-->src\main\AndroidManifest.xml:4:5-77
11-->src\main\AndroidManifest.xml:4:22-74
12    <uses-permission android:name="android.permission.INTERNET" />
12-->[com.google.firebase:firebase-auth:23.2.0] AndroidManifest.xml:25:5-67
12-->[com.google.firebase:firebase-auth:23.2.0] AndroidManifest.xml:25:22-64
13    <uses-permission android:name="android.permission.ACCESS_NETWORK_STATE" />
13-->[com.google.firebase:firebase-auth:23.2.0] AndroidManifest.xml:26:5-79
13-->[com.google.firebase:firebase-auth:23.2.0] AndroidManifest.xml:26:22-76
14    <uses-permission android:name="com.google.android.providers.gsf.permission.READ_GSERVICES" />
14-->[com.google.android.recaptcha:recaptcha:18.6.1] AndroidManifest.xml:9:5-98
14-->[com.google.android.recaptcha:recaptcha:18.6.1] AndroidManifest.xml:9:22-95
15
16    <permission
16-->[androidx.core:core:1.13.1] AndroidManifest.xml:22:5-24:47
17        android:name="com.example.fitnessapp.DYNAMIC_RECEIVER_NOT_EXPORTED_PERMISSION"
17-->[androidx.core:core:1.13.1] AndroidManifest.xml:23:9-81
18        android:protectionLevel="signature" />
18-->[androidx.core:core:1.13.1] AndroidManifest.xml:24:9-44
19
20    <uses-permission android:name="com.example.fitnessapp.DYNAMIC_RECEIVER_NOT_EXPORTED_PERMISSION" />
20-->[androidx.core:core:1.13.1] AndroidManifest.xml:26:5-97
20-->[androidx.core:core:1.13.1] AndroidManifest.xml:26:22-94
21
22    <application
22-->src\main\AndroidManifest.xml:6:5-37:19
23        android:name="com.example.fitnessapp.FitnessApp"
23-->src\main\AndroidManifest.xml:7:9-35
24        android:allowBackup="true"
24-->src\main\AndroidManifest.xml:8:9-35
25        android:appComponentFactory="androidx.core.app.CoreComponentFactory"
25-->[androidx.core:core:1.13.1] AndroidManifest.xml:28:18-86
26        android:debuggable="true"
27        android:extractNativeLibs="false"
28        android:icon="@mipmap/ic_launcher"
28-->src\main\AndroidManifest.xml:9:9-43
29        android:label="@string/app_name"
29-->src\main\AndroidManifest.xml:11:9-41
30        android:roundIcon="@mipmap/ic_launcher_round"
30-->src\main\AndroidManifest.xml:10:9-54
31        android:supportsRtl="true"
31-->src\main\AndroidManifest.xml:12:9-35
32        android:testOnly="true"
33        android:theme="@style/Theme.App.Starting" >
33-->src\main\AndroidManifest.xml:13:9-50
34        <activity
34-->src\main\AndroidManifest.xml:14:9-22:20
35            android:name="com.example.fitnessapp.MainActivity"
35-->src\main\AndroidManifest.xml:15:13-41
36            android:exported="true"
36-->src\main\AndroidManifest.xml:16:13-36
37            android:theme="@style/Theme.App.Starting" >
37-->src\main\AndroidManifest.xml:17:13-54
38            <intent-filter>
38-->src\main\AndroidManifest.xml:18:13-21:29
39                <action android:name="android.intent.action.MAIN" />
39-->src\main\AndroidManifest.xml:19:17-69
39-->src\main\AndroidManifest.xml:19:25-66
40
41                <category android:name="android.intent.category.LAUNCHER" />
41-->src\main\AndroidManifest.xml:20:17-77
41-->src\main\AndroidManifest.xml:20:27-74
42            </intent-filter>
43        </activity>
44
45        <provider
46            android:name="androidx.core.content.FileProvider"
46-->src\main\AndroidManifest.xml:25:13-62
47            android:authorities="com.example.fitnessapp.provider"
47-->src\main\AndroidManifest.xml:26:13-60
48            android:exported="false"
48-->src\main\AndroidManifest.xml:27:13-37
49            android:grantUriPermissions="true" >
49-->src\main\AndroidManifest.xml:28:13-47
50            <meta-data
50-->src\main\AndroidManifest.xml:29:13-31:54
51                android:name="android.support.FILE_PROVIDER_PATHS"
51-->src\main\AndroidManifest.xml:30:17-67
52                android:resource="@xml/file_paths" />
52-->src\main\AndroidManifest.xml:31:17-51
53        </provider>
54
55        <receiver
55-->src\main\AndroidManifest.xml:34:9-36:40
56            android:name="com.example.fitnessapp.HydrationReminderReceiver"
56-->src\main\AndroidManifest.xml:35:13-54
57            android:exported="false" />
57-->src\main\AndroidManifest.xml:36:13-37
58
59        <activity
59-->[com.google.firebase:firebase-auth:23.2.0] AndroidManifest.xml:29:9-46:20
60            android:name="com.google.firebase.auth.internal.GenericIdpActivity"
60-->[com.google.firebase:firebase-auth:23.2.0] AndroidManifest.xml:30:13-80
61            android:excludeFromRecents="true"
61-->[com.google.firebase:firebase-auth:23.2.0] AndroidManifest.xml:31:13-46
62            android:exported="true"
62-->[com.google.firebase:firebase-auth:23.2.0] AndroidManifest.xml:32:13-36
63            android:launchMode="singleTask"
63-->[com.google.firebase:firebase-auth:23.2.0] AndroidManifest.xml:33:13-44
64            android:theme="@android:style/Theme.Translucent.NoTitleBar" >
64-->[com.google.firebase:firebase-auth:23.2.0] AndroidManifest.xml:34:13-72
65            <intent-filter>
65-->[com.google.firebase:firebase-auth:23.2.0] AndroidManifest.xml:35:13-45:29
66                <action android:name="android.intent.action.VIEW" />
66-->[com.google.firebase:firebase-auth:23.2.0] AndroidManifest.xml:36:17-69
66-->[com.google.firebase:firebase-auth:23.2.0] AndroidManifest.xml:36:25-66
67
68                <category android:name="android.intent.category.DEFAULT" />
68-->[com.google.firebase:firebase-auth:23.2.0] AndroidManifest.xml:38:17-76
68-->[com.google.firebase:firebase-auth:23.2.0] AndroidManifest.xml:38:27-73
69                <category android:name="android.intent.category.BROWSABLE" />
69-->[com.google.firebase:firebase-auth:23.2.0] AndroidManifest.xml:39:17-78
69-->[com.google.firebase:firebase-auth:23.2.0] AndroidManifest.xml:39:27-75
70
71                <data
71-->[com.google.firebase:firebase-auth:23.2.0] AndroidManifest.xml:41:17-44:51
72                    android:host="firebase.auth"
72-->[com.google.firebase:firebase-auth:23.2.0] AndroidManifest.xml:42:21-49
73                    android:path="/"
73-->[com.google.firebase:firebase-auth:23.2.0] AndroidManifest.xml:43:21-37
74                    android:scheme="genericidp" />
74-->[com.google.firebase:firebase-auth:23.2.0] AndroidManifest.xml:44:21-48
75            </intent-filter>
76        </activity>
77        <activity
77-->[com.google.firebase:firebase-auth:23.2.0] AndroidManifest.xml:47:9-64:20
78            android:name="com.google.firebase.auth.internal.RecaptchaActivity"
78-->[com.google.firebase:firebase-auth:23.2.0] AndroidManifest.xml:48:13-79
79            android:excludeFromRecents="true"
79-->[com.google.firebase:firebase-auth:23.2.0] AndroidManifest.xml:49:13-46
80            android:exported="true"
80-->[com.google.firebase:firebase-auth:23.2.0] AndroidManifest.xml:50:13-36
81            android:launchMode="singleTask"
81-->[com.google.firebase:firebase-auth:23.2.0] AndroidManifest.xml:51:13-44
82            android:theme="@android:style/Theme.Translucent.NoTitleBar" >
82-->[com.google.firebase:firebase-auth:23.2.0] AndroidManifest.xml:52:13-72
83            <intent-filter>
83-->[com.google.firebase:firebase-auth:23.2.0] AndroidManifest.xml:53:13-63:29
84                <action android:name="android.intent.action.VIEW" />
84-->[com.google.firebase:firebase-auth:23.2.0] AndroidManifest.xml:36:17-69
84-->[com.google.firebase:firebase-auth:23.2.0] AndroidManifest.xml:36:25-66
85
86                <category android:name="android.intent.category.DEFAULT" />
86-->[com.google.firebase:firebase-auth:23.2.0] AndroidManifest.xml:38:17-76
86-->[com.google.firebase:firebase-auth:23.2.0] AndroidManifest.xml:38:27-73
87                <category android:name="android.intent.category.BROWSABLE" />
87-->[com.google.firebase:firebase-auth:23.2.0] AndroidManifest.xml:39:17-78
87-->[com.google.firebase:firebase-auth:23.2.0] AndroidManifest.xml:39:27-75
88
89                <data
89-->[com.google.firebase:firebase-auth:23.2.0] AndroidManifest.xml:41:17-44:51
90                    android:host="firebase.auth"
90-->[com.google.firebase:firebase-auth:23.2.0] AndroidManifest.xml:42:21-49
91                    android:path="/"
91-->[com.google.firebase:firebase-auth:23.2.0] AndroidManifest.xml:43:21-37
92                    android:scheme="recaptcha" />
92-->[com.google.firebase:firebase-auth:23.2.0] AndroidManifest.xml:44:21-48
93            </intent-filter>
94        </activity>
95
96        <service
96-->[com.google.firebase:firebase-auth:23.2.0] AndroidManifest.xml:66:9-72:19
97            android:name="com.google.firebase.components.ComponentDiscoveryService"
97-->[com.google.firebase:firebase-auth:23.2.0] AndroidManifest.xml:67:13-84
98            android:directBootAware="true"
98-->[com.google.firebase:firebase-common:21.0.0] AndroidManifest.xml:32:13-43
99            android:exported="false" >
99-->[com.google.firebase:firebase-auth:23.2.0] AndroidManifest.xml:68:13-37
100            <meta-data
100-->[com.google.firebase:firebase-auth:23.2.0] AndroidManifest.xml:69:13-71:85
101                android:name="com.google.firebase.components:com.google.firebase.auth.FirebaseAuthRegistrar"
101-->[com.google.firebase:firebase-auth:23.2.0] AndroidManifest.xml:70:17-109
102                android:value="com.google.firebase.components.ComponentRegistrar" />
102-->[com.google.firebase:firebase-auth:23.2.0] AndroidManifest.xml:71:17-82
103            <meta-data
103-->[com.google.firebase:firebase-database:21.0.0] AndroidManifest.xml:29:13-31:85
104                android:name="com.google.firebase.components:com.google.firebase.database.FirebaseDatabaseKtxRegistrar"
104-->[com.google.firebase:firebase-database:21.0.0] AndroidManifest.xml:30:17-120
105                android:value="com.google.firebase.components.ComponentRegistrar" />
105-->[com.google.firebase:firebase-database:21.0.0] AndroidManifest.xml:31:17-82
106            <meta-data
106-->[com.google.firebase:firebase-database:21.0.0] AndroidManifest.xml:32:13-34:85
107                android:name="com.google.firebase.components:com.google.firebase.database.DatabaseRegistrar"
107-->[com.google.firebase:firebase-database:21.0.0] AndroidManifest.xml:33:17-109
108                android:value="com.google.firebase.components.ComponentRegistrar" />
108-->[com.google.firebase:firebase-database:21.0.0] AndroidManifest.xml:34:17-82
109            <meta-data
109-->[com.google.firebase:firebase-common-ktx:21.0.0] AndroidManifest.xml:12:13-14:85
110                android:name="com.google.firebase.components:com.google.firebase.ktx.FirebaseCommonLegacyRegistrar"
110-->[com.google.firebase:firebase-common-ktx:21.0.0] AndroidManifest.xml:13:17-116
111                android:value="com.google.firebase.components.ComponentRegistrar" />
111-->[com.google.firebase:firebase-common-ktx:21.0.0] AndroidManifest.xml:14:17-82
112            <meta-data
112-->[com.google.firebase:firebase-common:21.0.0] AndroidManifest.xml:35:13-37:85
113                android:name="com.google.firebase.components:com.google.firebase.FirebaseCommonKtxRegistrar"
113-->[com.google.firebase:firebase-common:21.0.0] AndroidManifest.xml:36:17-109
114                android:value="com.google.firebase.components.ComponentRegistrar" />
114-->[com.google.firebase:firebase-common:21.0.0] AndroidManifest.xml:37:17-82
115        </service>
116        <service
116-->[androidx.credentials:credentials-play-services-auth:1.2.0-rc01] AndroidManifest.xml:24:9-32:19
117            android:name="androidx.credentials.playservices.CredentialProviderMetadataHolder"
117-->[androidx.credentials:credentials-play-services-auth:1.2.0-rc01] AndroidManifest.xml:25:13-94
118            android:enabled="true"
118-->[androidx.credentials:credentials-play-services-auth:1.2.0-rc01] AndroidManifest.xml:26:13-35
119            android:exported="false" >
119-->[androidx.credentials:credentials-play-services-auth:1.2.0-rc01] AndroidManifest.xml:27:13-37
120            <meta-data
120-->[androidx.credentials:credentials-play-services-auth:1.2.0-rc01] AndroidManifest.xml:29:13-31:104
121                android:name="androidx.credentials.CREDENTIAL_PROVIDER_KEY"
121-->[androidx.credentials:credentials-play-services-auth:1.2.0-rc01] AndroidManifest.xml:30:17-76
122                android:value="androidx.credentials.playservices.CredentialProviderPlayServicesImpl" />
122-->[androidx.credentials:credentials-play-services-auth:1.2.0-rc01] AndroidManifest.xml:31:17-101
123        </service>
124
125        <activity
125-->[androidx.credentials:credentials-play-services-auth:1.2.0-rc01] AndroidManifest.xml:34:9-41:20
126            android:name="androidx.credentials.playservices.HiddenActivity"
126-->[androidx.credentials:credentials-play-services-auth:1.2.0-rc01] AndroidManifest.xml:35:13-76
127            android:configChanges="orientation|screenSize|screenLayout|keyboardHidden"
127-->[androidx.credentials:credentials-play-services-auth:1.2.0-rc01] AndroidManifest.xml:36:13-87
128            android:enabled="true"
128-->[androidx.credentials:credentials-play-services-auth:1.2.0-rc01] AndroidManifest.xml:37:13-35
129            android:exported="false"
129-->[androidx.credentials:credentials-play-services-auth:1.2.0-rc01] AndroidManifest.xml:38:13-37
130            android:fitsSystemWindows="true"
130-->[androidx.credentials:credentials-play-services-auth:1.2.0-rc01] AndroidManifest.xml:39:13-45
131            android:theme="@style/Theme.Hidden" >
131-->[androidx.credentials:credentials-play-services-auth:1.2.0-rc01] AndroidManifest.xml:40:13-48
132        </activity>
133        <activity
133-->[com.google.android.gms:play-services-auth:20.7.0] AndroidManifest.xml:23:9-27:75
134            android:name="com.google.android.gms.auth.api.signin.internal.SignInHubActivity"
134-->[com.google.android.gms:play-services-auth:20.7.0] AndroidManifest.xml:24:13-93
135            android:excludeFromRecents="true"
135-->[com.google.android.gms:play-services-auth:20.7.0] AndroidManifest.xml:25:13-46
136            android:exported="false"
136-->[com.google.android.gms:play-services-auth:20.7.0] AndroidManifest.xml:26:13-37
137            android:theme="@android:style/Theme.Translucent.NoTitleBar" />
137-->[com.google.android.gms:play-services-auth:20.7.0] AndroidManifest.xml:27:13-72
138        <!--
139            Service handling Google Sign-In user revocation. For apps that do not integrate with
140            Google Sign-In, this service will never be started.
141        -->
142        <service
142-->[com.google.android.gms:play-services-auth:20.7.0] AndroidManifest.xml:33:9-37:51
143            android:name="com.google.android.gms.auth.api.signin.RevocationBoundService"
143-->[com.google.android.gms:play-services-auth:20.7.0] AndroidManifest.xml:34:13-89
144            android:exported="true"
144-->[com.google.android.gms:play-services-auth:20.7.0] AndroidManifest.xml:35:13-36
145            android:permission="com.google.android.gms.auth.api.signin.permission.REVOCATION_NOTIFICATION"
145-->[com.google.android.gms:play-services-auth:20.7.0] AndroidManifest.xml:36:13-107
146            android:visibleToInstantApps="true" />
146-->[com.google.android.gms:play-services-auth:20.7.0] AndroidManifest.xml:37:13-48
147
148        <provider
148-->[com.google.firebase:firebase-common:21.0.0] AndroidManifest.xml:23:9-28:39
149            android:name="com.google.firebase.provider.FirebaseInitProvider"
149-->[com.google.firebase:firebase-common:21.0.0] AndroidManifest.xml:24:13-77
150            android:authorities="com.example.fitnessapp.firebaseinitprovider"
150-->[com.google.firebase:firebase-common:21.0.0] AndroidManifest.xml:25:13-72
151            android:directBootAware="true"
151-->[com.google.firebase:firebase-common:21.0.0] AndroidManifest.xml:26:13-43
152            android:exported="false"
152-->[com.google.firebase:firebase-common:21.0.0] AndroidManifest.xml:27:13-37
153            android:initOrder="100" />
153-->[com.google.firebase:firebase-common:21.0.0] AndroidManifest.xml:28:13-36
154
155        <activity
155-->[com.google.android.gms:play-services-base:18.1.0] AndroidManifest.xml:20:9-22:45
156            android:name="com.google.android.gms.common.api.GoogleApiActivity"
156-->[com.google.android.gms:play-services-base:18.1.0] AndroidManifest.xml:20:19-85
157            android:exported="false"
157-->[com.google.android.gms:play-services-base:18.1.0] AndroidManifest.xml:22:19-43
158            android:theme="@android:style/Theme.Translucent.NoTitleBar" />
158-->[com.google.android.gms:play-services-base:18.1.0] AndroidManifest.xml:21:19-78
159        <activity
159-->[androidx.compose.ui:ui-tooling-android:1.7.5] AndroidManifest.xml:23:9-25:39
160            android:name="androidx.compose.ui.tooling.PreviewActivity"
160-->[androidx.compose.ui:ui-tooling-android:1.7.5] AndroidManifest.xml:24:13-71
161            android:exported="true" />
161-->[androidx.compose.ui:ui-tooling-android:1.7.5] AndroidManifest.xml:25:13-36
162
163        <provider
163-->[androidx.emoji2:emoji2:1.3.0] AndroidManifest.xml:24:9-32:20
164            android:name="androidx.startup.InitializationProvider"
164-->[androidx.emoji2:emoji2:1.3.0] AndroidManifest.xml:25:13-67
165            android:authorities="com.example.fitnessapp.androidx-startup"
165-->[androidx.emoji2:emoji2:1.3.0] AndroidManifest.xml:26:13-68
166            android:exported="false" >
166-->[androidx.emoji2:emoji2:1.3.0] AndroidManifest.xml:27:13-37
167            <meta-data
167-->[androidx.emoji2:emoji2:1.3.0] AndroidManifest.xml:29:13-31:52
168                android:name="androidx.emoji2.text.EmojiCompatInitializer"
168-->[androidx.emoji2:emoji2:1.3.0] AndroidManifest.xml:30:17-75
169                android:value="androidx.startup" />
169-->[androidx.emoji2:emoji2:1.3.0] AndroidManifest.xml:31:17-49
170            <meta-data
170-->[androidx.lifecycle:lifecycle-process:2.8.7] AndroidManifest.xml:29:13-31:52
171                android:name="androidx.lifecycle.ProcessLifecycleInitializer"
171-->[androidx.lifecycle:lifecycle-process:2.8.7] AndroidManifest.xml:30:17-78
172                android:value="androidx.startup" />
172-->[androidx.lifecycle:lifecycle-process:2.8.7] AndroidManifest.xml:31:17-49
173            <meta-data
173-->[androidx.profileinstaller:profileinstaller:1.3.1] AndroidManifest.xml:29:13-31:52
174                android:name="androidx.profileinstaller.ProfileInstallerInitializer"
174-->[androidx.profileinstaller:profileinstaller:1.3.1] AndroidManifest.xml:30:17-85
175                android:value="androidx.startup" />
175-->[androidx.profileinstaller:profileinstaller:1.3.1] AndroidManifest.xml:31:17-49
176        </provider>
177
178        <meta-data
178-->[com.google.android.gms:play-services-basement:18.4.0] AndroidManifest.xml:6:9-122
179            android:name="com.google.android.gms.version"
179-->[com.google.android.gms:play-services-basement:18.4.0] AndroidManifest.xml:6:20-65
180            android:value="@integer/google_play_services_version" />
180-->[com.google.android.gms:play-services-basement:18.4.0] AndroidManifest.xml:6:66-119
181
182        <receiver
182-->[androidx.profileinstaller:profileinstaller:1.3.1] AndroidManifest.xml:34:9-52:20
183            android:name="androidx.profileinstaller.ProfileInstallReceiver"
183-->[androidx.profileinstaller:profileinstaller:1.3.1] AndroidManifest.xml:35:13-76
184            android:directBootAware="false"
184-->[androidx.profileinstaller:profileinstaller:1.3.1] AndroidManifest.xml:36:13-44
185            android:enabled="true"
185-->[androidx.profileinstaller:profileinstaller:1.3.1] AndroidManifest.xml:37:13-35
186            android:exported="true"
186-->[androidx.profileinstaller:profileinstaller:1.3.1] AndroidManifest.xml:38:13-36
187            android:permission="android.permission.DUMP" >
187-->[androidx.profileinstaller:profileinstaller:1.3.1] AndroidManifest.xml:39:13-57
188            <intent-filter>
188-->[androidx.profileinstaller:profileinstaller:1.3.1] AndroidManifest.xml:40:13-42:29
189                <action android:name="androidx.profileinstaller.action.INSTALL_PROFILE" />
189-->[androidx.profileinstaller:profileinstaller:1.3.1] AndroidManifest.xml:41:17-91
189-->[androidx.profileinstaller:profileinstaller:1.3.1] AndroidManifest.xml:41:25-88
190            </intent-filter>
191            <intent-filter>
191-->[androidx.profileinstaller:profileinstaller:1.3.1] AndroidManifest.xml:43:13-45:29
192                <action android:name="androidx.profileinstaller.action.SKIP_FILE" />
192-->[androidx.profileinstaller:profileinstaller:1.3.1] AndroidManifest.xml:44:17-85
192-->[androidx.profileinstaller:profileinstaller:1.3.1] AndroidManifest.xml:44:25-82
193            </intent-filter>
194            <intent-filter>
194-->[androidx.profileinstaller:profileinstaller:1.3.1] AndroidManifest.xml:46:13-48:29
195                <action android:name="androidx.profileinstaller.action.SAVE_PROFILE" />
195-->[androidx.profileinstaller:profileinstaller:1.3.1] AndroidManifest.xml:47:17-88
195-->[androidx.profileinstaller:profileinstaller:1.3.1] AndroidManifest.xml:47:25-85
196            </intent-filter>
197            <intent-filter>
197-->[androidx.profileinstaller:profileinstaller:1.3.1] AndroidManifest.xml:49:13-51:29
198                <action android:name="androidx.profileinstaller.action.BENCHMARK_OPERATION" />
198-->[androidx.profileinstaller:profileinstaller:1.3.1] AndroidManifest.xml:50:17-95
198-->[androidx.profileinstaller:profileinstaller:1.3.1] AndroidManifest.xml:50:25-92
199            </intent-filter>
200        </receiver> <!-- The activities will be merged into the manifest of the hosting app. -->
201        <activity
201-->[com.google.android.play:core-common:2.0.3] AndroidManifest.xml:14:9-18:65
202            android:name="com.google.android.play.core.common.PlayCoreDialogWrapperActivity"
202-->[com.google.android.play:core-common:2.0.3] AndroidManifest.xml:15:13-93
203            android:exported="false"
203-->[com.google.android.play:core-common:2.0.3] AndroidManifest.xml:16:13-37
204            android:stateNotNeeded="true"
204-->[com.google.android.play:core-common:2.0.3] AndroidManifest.xml:17:13-42
205            android:theme="@style/Theme.PlayCore.Transparent" />
205-->[com.google.android.play:core-common:2.0.3] AndroidManifest.xml:18:13-62
206    </application>
207
208</manifest>